gbr wt is running
rf wt is running
dt wt is running
gbr gL is running
rf gL is running
dt gL is running
Training: r2,mae,rmse:  0.996692863478369 0.06082326384017716 0.10458972831640287
Test: r2,mae,rmse:  0.9851837524682318 0.10815604816854148 0.19888627508729678
impact:  Index(['PLD', 'LCD', 'ASA', 'Density', 'VF', 'site', 'ratio', 'T', 'P'], dtype='object') [0.00129259 0.00179758 0.00965721 0.33428655 0.00311947 0.01456115
 0.00520868 0.33758343 0.29249333]
Training: r2,mae,rmse:  0.9856723412474091 0.6343758380898055 1.0339537269432977
Test: r2,mae,rmse:  0.9751975184885017 0.7855017460229984 1.297095789384299
impact:  Index(['PLD', 'LCD', 'ASA', 'Density', 'VF', 'site', 'ratio', 'T', 'P'], dtype='object') [0.00329574 0.00237449 0.01277225 0.0070464  0.01559286 0.00791036
 0.01396198 0.46555201 0.4714939 ]
Best score=0.6989
Best score=0.0203
Training: r2,mae,rmse:  0.9971350683682388 0.3097602686967792 0.462349742018963
Test: r2,mae,rmse:  0.9914449579581996 0.4733263172388144 0.7617905067953693
impact:  Index(['PLD', 'LCD', 'ASA', 'Density', 'VF', 'site', 'ratio', 'T', 'P'], dtype='object') [0.00174138 0.00341805 0.00408831 0.00418474 0.0051244  0.01850906
 0.00814565 0.27387267 0.6809157 ]
Training: r2,mae,rmse:  0.9990118475822939 0.03171110656461657 0.05717088853713991
Test: r2,mae,rmse:  0.9917592076861315 0.08302417461376757 0.1483269907995566
impact:  Index(['PLD', 'LCD', 'ASA', 'Density', 'VF', 'site', 'ratio', 'T', 'P'], dtype='object') [0.002837   0.00212166 0.00874847 0.33162167 0.00664533 0.01098271
 0.00792586 0.33257391 0.29654338]
Training: r2,mae,rmse:  0.9979527695800435 0.23571110980578194 0.3908380622921125
Test: r2,mae,rmse:  0.9837130040537093 0.6322298309301231 1.0511022757691495
impact:  Index(['PLD', 'LCD', 'ASA', 'Density', 'VF', 'site', 'ratio', 'T', 'P'], dtype='object') [0.00414178 0.00602497 0.01592441 0.01383636 0.01425425 0.01101225
 0.01160608 0.45834239 0.46485751]
Training: r2,mae,rmse:  0.9977679123543465 0.05460111717486809 0.08592481288075342
Test: r2,mae,rmse:  0.9942948773481587 0.07403478748285133 0.12341507010317881
impact:  Index(['PLD', 'LCD', 'ASA', 'Density', 'VF', 'site', 'ratio', 'T', 'P'], dtype='object') [7.4136036e-04 5.0135417e-04 2.9306549e-03 1.2876287e-01 2.6153554e-03
 1.4839046e-02 5.8113956e-03 2.7730307e-01 5.6649488e-01]
